c:\users\hansi\downloads\ndi\windows\debug\vc143.pdb
c:\users\hansi\downloads\ndi\windows\debug\vc143.idb
c:\users\hansi\downloads\ndi\windows\debug\ndi.obj
c:\users\hansi\downloads\ndi\windows\debug\ndi.asm
c:\users\hansi\downloads\ndi\windows\debug\agklibrarycommands.obj
c:\users\hansi\downloads\ndi\windows\debug\agklibrarycommands.asm
c:\users\hansi\downloads\ndi\windows\debug\dllmain.obj
c:\users\hansi\downloads\ndi\windows\debug\dllmain.asm
c:\program files (x86)\steam\steamapps\common\app game kit 2\tier 1\compiler\plugins\ndi\windows.lib
c:\program files (x86)\steam\steamapps\common\app game kit 2\tier 1\compiler\plugins\ndi\windows.exp
c:\users\hansi\downloads\ndi\windows\debug\ndi.tlog\cl.command.1.tlog
c:\users\hansi\downloads\ndi\windows\debug\ndi.tlog\cl.read.1.tlog
c:\users\hansi\downloads\ndi\windows\debug\ndi.tlog\cl.write.1.tlog
c:\users\hansi\downloads\ndi\windows\debug\ndi.tlog\link.13152-cvtres.read.1.tlog
c:\users\hansi\downloads\ndi\windows\debug\ndi.tlog\link.13152-cvtres.write.1.tlog
c:\users\hansi\downloads\ndi\windows\debug\ndi.tlog\link.13152-rc.read.1.tlog
c:\users\hansi\downloads\ndi\windows\debug\ndi.tlog\link.13152-rc.write.1.tlog
c:\users\hansi\downloads\ndi\windows\debug\ndi.tlog\link.13152.read.1.tlog
c:\users\hansi\downloads\ndi\windows\debug\ndi.tlog\link.13152.write.1.tlog
c:\users\hansi\downloads\ndi\windows\debug\ndi.tlog\link.command.1.tlog
c:\users\hansi\downloads\ndi\windows\debug\ndi.tlog\link.read.1.tlog
c:\users\hansi\downloads\ndi\windows\debug\ndi.tlog\link.write.1.tlog
c:\users\hansi\downloads\ndi\windows\debug\ndi.tlog\ndi.write.1u.tlog
